ARM GAS  /tmp/ccUhsGpb.s 			page 1


   1              		.cpu cortex-m4
   2              		.arch armv7e-m
   3              		.fpu fpv4-sp-d16
   4              		.eabi_attribute 27, 1
   5              		.eabi_attribute 28, 1
   6              		.eabi_attribute 20, 1
   7              		.eabi_attribute 21, 1
   8              		.eabi_attribute 23, 3
   9              		.eabi_attribute 24, 1
  10              		.eabi_attribute 25, 1
  11              		.eabi_attribute 26, 1
  12              		.eabi_attribute 30, 1
  13              		.eabi_attribute 34, 1
  14              		.eabi_attribute 18, 4
  15              		.file	"main.c"
  16              		.text
  17              	.Ltext0:
  18              		.cfi_sections	.debug_frame
  19              		.file 1 "Core/Src/main.c"
  20              		.section	.text.Error_Handler,"ax",%progbits
  21              		.align	1
  22              		.global	Error_Handler
  23              		.syntax unified
  24              		.thumb
  25              		.thumb_func
  27              	Error_Handler:
  28              	.LFB334:
   1:Core/Src/main.c **** /* USER CODE BEGIN Header */
   2:Core/Src/main.c **** /**
   3:Core/Src/main.c ****   ******************************************************************************
   4:Core/Src/main.c ****   * @file           : main.c
   5:Core/Src/main.c ****   * @brief          : Main program body
   6:Core/Src/main.c ****   ******************************************************************************
   7:Core/Src/main.c ****   * @attention
   8:Core/Src/main.c ****   *
   9:Core/Src/main.c ****   * Copyright (c) 2024 STMicroelectronics.
  10:Core/Src/main.c ****   * All rights reserved.
  11:Core/Src/main.c ****   *
  12:Core/Src/main.c ****   * This software is licensed under terms that can be found in the LICENSE file
  13:Core/Src/main.c ****   * in the root directory of this software component.
  14:Core/Src/main.c ****   * If no LICENSE file comes with this software, it is provided AS-IS.
  15:Core/Src/main.c ****   *
  16:Core/Src/main.c ****   ******************************************************************************
  17:Core/Src/main.c ****   */
  18:Core/Src/main.c **** /* USER CODE END Header */
  19:Core/Src/main.c **** /* Includes ------------------------------------------------------------------*/
  20:Core/Src/main.c **** #include "main.h"
  21:Core/Src/main.c **** #include "adc.h"
  22:Core/Src/main.c **** #include "usart.h"
  23:Core/Src/main.c **** #include "gpio.h"
  24:Core/Src/main.c **** 
  25:Core/Src/main.c **** /* Private includes ----------------------------------------------------------*/
  26:Core/Src/main.c **** /* USER CODE BEGIN Includes */
  27:Core/Src/main.c **** #include <stdio.h>
  28:Core/Src/main.c **** #include <string.h>
  29:Core/Src/main.c **** 
  30:Core/Src/main.c **** #include "config.h"
ARM GAS  /tmp/ccUhsGpb.s 			page 2


  31:Core/Src/main.c **** /* USER CODE END Includes */
  32:Core/Src/main.c **** 
  33:Core/Src/main.c **** /* Private typedef -----------------------------------------------------------*/
  34:Core/Src/main.c **** /* USER CODE BEGIN PTD */
  35:Core/Src/main.c **** 
  36:Core/Src/main.c **** /* USER CODE END PTD */
  37:Core/Src/main.c **** 
  38:Core/Src/main.c **** /* Private define ------------------------------------------------------------*/
  39:Core/Src/main.c **** /* USER CODE BEGIN PD */
  40:Core/Src/main.c **** 
  41:Core/Src/main.c **** /* USER CODE END PD */
  42:Core/Src/main.c **** 
  43:Core/Src/main.c **** /* Private macro -------------------------------------------------------------*/
  44:Core/Src/main.c **** /* USER CODE BEGIN PM */
  45:Core/Src/main.c **** 
  46:Core/Src/main.c **** /* USER CODE END PM */
  47:Core/Src/main.c **** 
  48:Core/Src/main.c **** /* Private variables ---------------------------------------------------------*/
  49:Core/Src/main.c **** 
  50:Core/Src/main.c **** /* USER CODE BEGIN PV */
  51:Core/Src/main.c **** 
  52:Core/Src/main.c **** /* USER CODE END PV */
  53:Core/Src/main.c **** 
  54:Core/Src/main.c **** /* Private function prototypes -----------------------------------------------*/
  55:Core/Src/main.c **** void SystemClock_Config(void);
  56:Core/Src/main.c **** /* USER CODE BEGIN PFP */
  57:Core/Src/main.c **** 
  58:Core/Src/main.c **** /* USER CODE END PFP */
  59:Core/Src/main.c **** 
  60:Core/Src/main.c **** /* Private user code ---------------------------------------------------------*/
  61:Core/Src/main.c **** /* USER CODE BEGIN 0 */
  62:Core/Src/main.c **** 
  63:Core/Src/main.c **** /* USER CODE END 0 */
  64:Core/Src/main.c **** 
  65:Core/Src/main.c **** /**
  66:Core/Src/main.c ****   * @brief  The application entry point.
  67:Core/Src/main.c ****   * @retval int
  68:Core/Src/main.c ****   */
  69:Core/Src/main.c **** int main(void)
  70:Core/Src/main.c **** {
  71:Core/Src/main.c **** 
  72:Core/Src/main.c ****   /* USER CODE BEGIN 1 */
  73:Core/Src/main.c **** 
  74:Core/Src/main.c ****   /* USER CODE END 1 */
  75:Core/Src/main.c **** 
  76:Core/Src/main.c ****   /* MCU Configuration--------------------------------------------------------*/
  77:Core/Src/main.c **** 
  78:Core/Src/main.c ****   /* Reset of all peripherals, Initializes the Flash interface and the Systick. */
  79:Core/Src/main.c ****   HAL_Init();
  80:Core/Src/main.c **** 
  81:Core/Src/main.c ****   /* USER CODE BEGIN Init */
  82:Core/Src/main.c **** 
  83:Core/Src/main.c ****   /* USER CODE END Init */
  84:Core/Src/main.c **** 
  85:Core/Src/main.c ****   /* Configure the system clock */
  86:Core/Src/main.c ****   SystemClock_Config();
  87:Core/Src/main.c **** 
ARM GAS  /tmp/ccUhsGpb.s 			page 3


  88:Core/Src/main.c ****   /* USER CODE BEGIN SysInit */
  89:Core/Src/main.c **** 
  90:Core/Src/main.c ****   /* USER CODE END SysInit */
  91:Core/Src/main.c **** 
  92:Core/Src/main.c ****   /* Initialize all configured peripherals */
  93:Core/Src/main.c ****   MX_GPIO_Init();
  94:Core/Src/main.c ****   MX_LPUART1_UART_Init();
  95:Core/Src/main.c ****   MX_ADC1_Init();
  96:Core/Src/main.c ****   /* USER CODE BEGIN 2 */
  97:Core/Src/main.c **** 
  98:Core/Src/main.c **** #if POLLING_MODE
  99:Core/Src/main.c ****     HAL_ADC_Start(&hadc1);
 100:Core/Src/main.c ****     HAL_ADC_PollForConversion(&hadc1, 100);
 101:Core/Src/main.c ****     uint32_t v = HAL_ADC_GetValue(&hadc1);
 102:Core/Src/main.c ****     HAL_ADC_Stop(&hadc1);
 103:Core/Src/main.c **** #elif INTERRUPT_MODE
 104:Core/Src/main.c ****     //code
 105:Core/Src/main.c **** #elif DMA_MODE
 106:Core/Src/main.c ****     //code
 107:Core/Src/main.c **** #endif
 108:Core/Src/main.c **** 
 109:Core/Src/main.c **** 
 110:Core/Src/main.c **** 
 111:Core/Src/main.c ****     char buffer[64];
 112:Core/Src/main.c ****     sprintf(buffer, "value: %lu\n", v);
 113:Core/Src/main.c **** 
 114:Core/Src/main.c ****     if (v != 0)
 115:Core/Src/main.c ****     {
 116:Core/Src/main.c ****         HAL_UART_Transmit(&hlpuart1, (uint8_t*)buffer, strlen(buffer), 100);
 117:Core/Src/main.c ****     }
 118:Core/Src/main.c ****   /* USER CODE END 2 */
 119:Core/Src/main.c **** 
 120:Core/Src/main.c ****   /* Infinite loop */
 121:Core/Src/main.c ****   /* USER CODE BEGIN WHILE */
 122:Core/Src/main.c ****   while (1)
 123:Core/Src/main.c ****   {
 124:Core/Src/main.c ****     /* USER CODE END WHILE */
 125:Core/Src/main.c **** 
 126:Core/Src/main.c ****     /* USER CODE BEGIN 3 */
 127:Core/Src/main.c ****   }
 128:Core/Src/main.c ****   /* USER CODE END 3 */
 129:Core/Src/main.c **** }
 130:Core/Src/main.c **** 
 131:Core/Src/main.c **** /**
 132:Core/Src/main.c ****   * @brief System Clock Configuration
 133:Core/Src/main.c ****   * @retval None
 134:Core/Src/main.c ****   */
 135:Core/Src/main.c **** void SystemClock_Config(void)
 136:Core/Src/main.c **** {
 137:Core/Src/main.c ****   RCC_OscInitTypeDef RCC_OscInitStruct = {0};
 138:Core/Src/main.c ****   RCC_ClkInitTypeDef RCC_ClkInitStruct = {0};
 139:Core/Src/main.c **** 
 140:Core/Src/main.c ****   /** Configure the main internal regulator output voltage
 141:Core/Src/main.c ****   */
 142:Core/Src/main.c ****   HAL_PWREx_ControlVoltageScaling(PWR_REGULATOR_VOLTAGE_SCALE1_BOOST);
 143:Core/Src/main.c **** 
 144:Core/Src/main.c ****   /** Initializes the RCC Oscillators according to the specified parameters
ARM GAS  /tmp/ccUhsGpb.s 			page 4


 145:Core/Src/main.c ****   * in the RCC_OscInitTypeDef structure.
 146:Core/Src/main.c ****   */
 147:Core/Src/main.c ****   RCC_OscInitStruct.OscillatorType = RCC_OSCILLATORTYPE_HSI;
 148:Core/Src/main.c ****   RCC_OscInitStruct.HSIState = RCC_HSI_ON;
 149:Core/Src/main.c ****   RCC_OscInitStruct.HSICalibrationValue = RCC_HSICALIBRATION_DEFAULT;
 150:Core/Src/main.c ****   RCC_OscInitStruct.PLL.PLLState = RCC_PLL_ON;
 151:Core/Src/main.c ****   RCC_OscInitStruct.PLL.PLLSource = RCC_PLLSOURCE_HSI;
 152:Core/Src/main.c ****   RCC_OscInitStruct.PLL.PLLM = RCC_PLLM_DIV4;
 153:Core/Src/main.c ****   RCC_OscInitStruct.PLL.PLLN = 85;
 154:Core/Src/main.c ****   RCC_OscInitStruct.PLL.PLLP = RCC_PLLP_DIV2;
 155:Core/Src/main.c ****   RCC_OscInitStruct.PLL.PLLQ = RCC_PLLQ_DIV2;
 156:Core/Src/main.c ****   RCC_OscInitStruct.PLL.PLLR = RCC_PLLR_DIV2;
 157:Core/Src/main.c ****   if (HAL_RCC_OscConfig(&RCC_OscInitStruct) != HAL_OK)
 158:Core/Src/main.c ****   {
 159:Core/Src/main.c ****     Error_Handler();
 160:Core/Src/main.c ****   }
 161:Core/Src/main.c **** 
 162:Core/Src/main.c ****   /** Initializes the CPU, AHB and APB buses clocks
 163:Core/Src/main.c ****   */
 164:Core/Src/main.c ****   RCC_ClkInitStruct.ClockType = RCC_CLOCKTYPE_HCLK|RCC_CLOCKTYPE_SYSCLK
 165:Core/Src/main.c ****                               |RCC_CLOCKTYPE_PCLK1|RCC_CLOCKTYPE_PCLK2;
 166:Core/Src/main.c ****   RCC_ClkInitStruct.SYSCLKSource = RCC_SYSCLKSOURCE_PLLCLK;
 167:Core/Src/main.c ****   RCC_ClkInitStruct.AHBCLKDivider = RCC_SYSCLK_DIV1;
 168:Core/Src/main.c ****   RCC_ClkInitStruct.APB1CLKDivider = RCC_HCLK_DIV1;
 169:Core/Src/main.c ****   RCC_ClkInitStruct.APB2CLKDivider = RCC_HCLK_DIV1;
 170:Core/Src/main.c **** 
 171:Core/Src/main.c ****   if (HAL_RCC_ClockConfig(&RCC_ClkInitStruct, FLASH_LATENCY_4) != HAL_OK)
 172:Core/Src/main.c ****   {
 173:Core/Src/main.c ****     Error_Handler();
 174:Core/Src/main.c ****   }
 175:Core/Src/main.c **** }
 176:Core/Src/main.c **** 
 177:Core/Src/main.c **** /* USER CODE BEGIN 4 */
 178:Core/Src/main.c **** 
 179:Core/Src/main.c **** /* USER CODE END 4 */
 180:Core/Src/main.c **** 
 181:Core/Src/main.c **** /**
 182:Core/Src/main.c ****   * @brief  This function is executed in case of error occurrence.
 183:Core/Src/main.c ****   * @retval None
 184:Core/Src/main.c ****   */
 185:Core/Src/main.c **** void Error_Handler(void)
 186:Core/Src/main.c **** {
  29              		.loc 1 186 1 view -0
  30              		.cfi_startproc
  31              		@ Volatile: function does not return.
  32              		@ args = 0, pretend = 0, frame = 0
  33              		@ frame_needed = 0, uses_anonymous_args = 0
  34              		@ link register save eliminated.
 187:Core/Src/main.c ****   /* USER CODE BEGIN Error_Handler_Debug */
 188:Core/Src/main.c ****   /* User can add his own implementation to report the HAL error return state */
 189:Core/Src/main.c ****   __disable_irq();
  35              		.loc 1 189 3 view .LVU1
  36              	.LBB4:
  37              	.LBI4:
  38              		.file 2 "Drivers/CMSIS/Include/cmsis_gcc.h"
   1:Drivers/CMSIS/Include/cmsis_gcc.h **** /**************************************************************************//**
   2:Drivers/CMSIS/Include/cmsis_gcc.h ****  * @file     cmsis_gcc.h
ARM GAS  /tmp/ccUhsGpb.s 			page 5


   3:Drivers/CMSIS/Include/cmsis_gcc.h ****  * @brief    CMSIS compiler GCC header file
   4:Drivers/CMSIS/Include/cmsis_gcc.h ****  * @version  V5.2.0
   5:Drivers/CMSIS/Include/cmsis_gcc.h ****  * @date     08. May 2019
   6:Drivers/CMSIS/Include/cmsis_gcc.h ****  ******************************************************************************/
   7:Drivers/CMSIS/Include/cmsis_gcc.h **** /*
   8:Drivers/CMSIS/Include/cmsis_gcc.h ****  * Copyright (c) 2009-2019 Arm Limited. All rights reserved.
   9:Drivers/CMSIS/Include/cmsis_gcc.h ****  *
  10:Drivers/CMSIS/Include/cmsis_gcc.h ****  * SPDX-License-Identifier: Apache-2.0
  11:Drivers/CMSIS/Include/cmsis_gcc.h ****  *
  12:Drivers/CMSIS/Include/cmsis_gcc.h ****  * Licensed under the Apache License, Version 2.0 (the License); you may
  13:Drivers/CMSIS/Include/cmsis_gcc.h ****  * not use this file except in compliance with the License.
  14:Drivers/CMSIS/Include/cmsis_gcc.h ****  * You may obtain a copy of the License at
  15:Drivers/CMSIS/Include/cmsis_gcc.h ****  *
  16:Drivers/CMSIS/Include/cmsis_gcc.h ****  * www.apache.org/licenses/LICENSE-2.0
  17:Drivers/CMSIS/Include/cmsis_gcc.h ****  *
  18:Drivers/CMSIS/Include/cmsis_gcc.h ****  * Unless required by applicable law or agreed to in writing, software
  19:Drivers/CMSIS/Include/cmsis_gcc.h ****  * distributed under the License is distributed on an AS IS BASIS, WITHOUT
  20:Drivers/CMSIS/Include/cmsis_gcc.h ****  * WARRANTIES OR CONDITIONS OF ANY KIND, either express or implied.
  21:Drivers/CMSIS/Include/cmsis_gcc.h ****  * See the License for the specific language governing permissions and
  22:Drivers/CMSIS/Include/cmsis_gcc.h ****  * limitations under the License.
  23:Drivers/CMSIS/Include/cmsis_gcc.h ****  */
  24:Drivers/CMSIS/Include/cmsis_gcc.h **** 
  25:Drivers/CMSIS/Include/cmsis_gcc.h **** #ifndef __CMSIS_GCC_H
  26:Drivers/CMSIS/Include/cmsis_gcc.h **** #define __CMSIS_GCC_H
  27:Drivers/CMSIS/Include/cmsis_gcc.h **** 
  28:Drivers/CMSIS/Include/cmsis_gcc.h **** /* ignore some GCC warnings */
  29:Drivers/CMSIS/Include/cmsis_gcc.h **** #pragma GCC diagnostic push
  30:Drivers/CMSIS/Include/cmsis_gcc.h **** #pragma GCC diagnostic ignored "-Wsign-conversion"
  31:Drivers/CMSIS/Include/cmsis_gcc.h **** #pragma GCC diagnostic ignored "-Wconversion"
  32:Drivers/CMSIS/Include/cmsis_gcc.h **** #pragma GCC diagnostic ignored "-Wunused-parameter"
  33:Drivers/CMSIS/Include/cmsis_gcc.h **** 
  34:Drivers/CMSIS/Include/cmsis_gcc.h **** /* Fallback for __has_builtin */
  35:Drivers/CMSIS/Include/cmsis_gcc.h **** #ifndef __has_builtin
  36:Drivers/CMSIS/Include/cmsis_gcc.h ****   #define __has_builtin(x) (0)
  37:Drivers/CMSIS/Include/cmsis_gcc.h **** #endif
  38:Drivers/CMSIS/Include/cmsis_gcc.h **** 
  39:Drivers/CMSIS/Include/cmsis_gcc.h **** /* CMSIS compiler specific defines */
  40:Drivers/CMSIS/Include/cmsis_gcc.h **** #ifndef   __ASM
  41:Drivers/CMSIS/Include/cmsis_gcc.h ****   #define __ASM                                  __asm
  42:Drivers/CMSIS/Include/cmsis_gcc.h **** #endif
  43:Drivers/CMSIS/Include/cmsis_gcc.h **** #ifndef   __INLINE
  44:Drivers/CMSIS/Include/cmsis_gcc.h ****   #define __INLINE                               inline
  45:Drivers/CMSIS/Include/cmsis_gcc.h **** #endif
  46:Drivers/CMSIS/Include/cmsis_gcc.h **** #ifndef   __STATIC_INLINE
  47:Drivers/CMSIS/Include/cmsis_gcc.h ****   #define __STATIC_INLINE                        static inline
  48:Drivers/CMSIS/Include/cmsis_gcc.h **** #endif
  49:Drivers/CMSIS/Include/cmsis_gcc.h **** #ifndef   __STATIC_FORCEINLINE                 
  50:Drivers/CMSIS/Include/cmsis_gcc.h ****   #define __STATIC_FORCEINLINE                   __attribute__((always_inline)) static inline
  51:Drivers/CMSIS/Include/cmsis_gcc.h **** #endif                                           
  52:Drivers/CMSIS/Include/cmsis_gcc.h **** #ifndef   __NO_RETURN
  53:Drivers/CMSIS/Include/cmsis_gcc.h ****   #define __NO_RETURN                            __attribute__((__noreturn__))
  54:Drivers/CMSIS/Include/cmsis_gcc.h **** #endif
  55:Drivers/CMSIS/Include/cmsis_gcc.h **** #ifndef   __USED
  56:Drivers/CMSIS/Include/cmsis_gcc.h ****   #define __USED                                 __attribute__((used))
  57:Drivers/CMSIS/Include/cmsis_gcc.h **** #endif
  58:Drivers/CMSIS/Include/cmsis_gcc.h **** #ifndef   __WEAK
  59:Drivers/CMSIS/Include/cmsis_gcc.h ****   #define __WEAK                                 __attribute__((weak))
ARM GAS  /tmp/ccUhsGpb.s 			page 6


  60:Drivers/CMSIS/Include/cmsis_gcc.h **** #endif
  61:Drivers/CMSIS/Include/cmsis_gcc.h **** #ifndef   __PACKED
  62:Drivers/CMSIS/Include/cmsis_gcc.h ****   #define __PACKED                               __attribute__((packed, aligned(1)))
  63:Drivers/CMSIS/Include/cmsis_gcc.h **** #endif
  64:Drivers/CMSIS/Include/cmsis_gcc.h **** #ifndef   __PACKED_STRUCT
  65:Drivers/CMSIS/Include/cmsis_gcc.h ****   #define __PACKED_STRUCT                        struct __attribute__((packed, aligned(1)))
  66:Drivers/CMSIS/Include/cmsis_gcc.h **** #endif
  67:Drivers/CMSIS/Include/cmsis_gcc.h **** #ifndef   __PACKED_UNION
  68:Drivers/CMSIS/Include/cmsis_gcc.h ****   #define __PACKED_UNION                         union __attribute__((packed, aligned(1)))
  69:Drivers/CMSIS/Include/cmsis_gcc.h **** #endif
  70:Drivers/CMSIS/Include/cmsis_gcc.h **** #ifndef   __UNALIGNED_UINT32        /* deprecated */
  71:Drivers/CMSIS/Include/cmsis_gcc.h ****   #pragma GCC diagnostic push
  72:Drivers/CMSIS/Include/cmsis_gcc.h ****   #pragma GCC diagnostic ignored "-Wpacked"
  73:Drivers/CMSIS/Include/cmsis_gcc.h ****   #pragma GCC diagnostic ignored "-Wattributes"
  74:Drivers/CMSIS/Include/cmsis_gcc.h ****   struct __attribute__((packed)) T_UINT32 { uint32_t v; };
  75:Drivers/CMSIS/Include/cmsis_gcc.h ****   #pragma GCC diagnostic pop
  76:Drivers/CMSIS/Include/cmsis_gcc.h ****   #define __UNALIGNED_UINT32(x)                  (((struct T_UINT32 *)(x))->v)
  77:Drivers/CMSIS/Include/cmsis_gcc.h **** #endif
  78:Drivers/CMSIS/Include/cmsis_gcc.h **** #ifndef   __UNALIGNED_UINT16_WRITE
  79:Drivers/CMSIS/Include/cmsis_gcc.h ****   #pragma GCC diagnostic push
  80:Drivers/CMSIS/Include/cmsis_gcc.h ****   #pragma GCC diagnostic ignored "-Wpacked"
  81:Drivers/CMSIS/Include/cmsis_gcc.h ****   #pragma GCC diagnostic ignored "-Wattributes"
  82:Drivers/CMSIS/Include/cmsis_gcc.h ****   __PACKED_STRUCT T_UINT16_WRITE { uint16_t v; };
  83:Drivers/CMSIS/Include/cmsis_gcc.h ****   #pragma GCC diagnostic pop
  84:Drivers/CMSIS/Include/cmsis_gcc.h ****   #define __UNALIGNED_UINT16_WRITE(addr, val)    (void)((((struct T_UINT16_WRITE *)(void *)(addr))-
  85:Drivers/CMSIS/Include/cmsis_gcc.h **** #endif
  86:Drivers/CMSIS/Include/cmsis_gcc.h **** #ifndef   __UNALIGNED_UINT16_READ
  87:Drivers/CMSIS/Include/cmsis_gcc.h ****   #pragma GCC diagnostic push
  88:Drivers/CMSIS/Include/cmsis_gcc.h ****   #pragma GCC diagnostic ignored "-Wpacked"
  89:Drivers/CMSIS/Include/cmsis_gcc.h ****   #pragma GCC diagnostic ignored "-Wattributes"
  90:Drivers/CMSIS/Include/cmsis_gcc.h ****   __PACKED_STRUCT T_UINT16_READ { uint16_t v; };
  91:Drivers/CMSIS/Include/cmsis_gcc.h ****   #pragma GCC diagnostic pop
  92:Drivers/CMSIS/Include/cmsis_gcc.h ****   #define __UNALIGNED_UINT16_READ(addr)          (((const struct T_UINT16_READ *)(const void *)(add
  93:Drivers/CMSIS/Include/cmsis_gcc.h **** #endif
  94:Drivers/CMSIS/Include/cmsis_gcc.h **** #ifndef   __UNALIGNED_UINT32_WRITE
  95:Drivers/CMSIS/Include/cmsis_gcc.h ****   #pragma GCC diagnostic push
  96:Drivers/CMSIS/Include/cmsis_gcc.h ****   #pragma GCC diagnostic ignored "-Wpacked"
  97:Drivers/CMSIS/Include/cmsis_gcc.h ****   #pragma GCC diagnostic ignored "-Wattributes"
  98:Drivers/CMSIS/Include/cmsis_gcc.h ****   __PACKED_STRUCT T_UINT32_WRITE { uint32_t v; };
  99:Drivers/CMSIS/Include/cmsis_gcc.h ****   #pragma GCC diagnostic pop
 100:Drivers/CMSIS/Include/cmsis_gcc.h ****   #define __UNALIGNED_UINT32_WRITE(addr, val)    (void)((((struct T_UINT32_WRITE *)(void *)(addr))-
 101:Drivers/CMSIS/Include/cmsis_gcc.h **** #endif
 102:Drivers/CMSIS/Include/cmsis_gcc.h **** #ifndef   __UNALIGNED_UINT32_READ
 103:Drivers/CMSIS/Include/cmsis_gcc.h ****   #pragma GCC diagnostic push
 104:Drivers/CMSIS/Include/cmsis_gcc.h ****   #pragma GCC diagnostic ignored "-Wpacked"
 105:Drivers/CMSIS/Include/cmsis_gcc.h ****   #pragma GCC diagnostic ignored "-Wattributes"
 106:Drivers/CMSIS/Include/cmsis_gcc.h ****   __PACKED_STRUCT T_UINT32_READ { uint32_t v; };
 107:Drivers/CMSIS/Include/cmsis_gcc.h ****   #pragma GCC diagnostic pop
 108:Drivers/CMSIS/Include/cmsis_gcc.h ****   #define __UNALIGNED_UINT32_READ(addr)          (((const struct T_UINT32_READ *)(const void *)(add
 109:Drivers/CMSIS/Include/cmsis_gcc.h **** #endif
 110:Drivers/CMSIS/Include/cmsis_gcc.h **** #ifndef   __ALIGNED
 111:Drivers/CMSIS/Include/cmsis_gcc.h ****   #define __ALIGNED(x)                           __attribute__((aligned(x)))
 112:Drivers/CMSIS/Include/cmsis_gcc.h **** #endif
 113:Drivers/CMSIS/Include/cmsis_gcc.h **** #ifndef   __RESTRICT
 114:Drivers/CMSIS/Include/cmsis_gcc.h ****   #define __RESTRICT                             __restrict
 115:Drivers/CMSIS/Include/cmsis_gcc.h **** #endif
 116:Drivers/CMSIS/Include/cmsis_gcc.h **** #ifndef   __COMPILER_BARRIER
ARM GAS  /tmp/ccUhsGpb.s 			page 7


 117:Drivers/CMSIS/Include/cmsis_gcc.h ****   #define __COMPILER_BARRIER()                   __ASM volatile("":::"memory")
 118:Drivers/CMSIS/Include/cmsis_gcc.h **** #endif
 119:Drivers/CMSIS/Include/cmsis_gcc.h **** 
 120:Drivers/CMSIS/Include/cmsis_gcc.h **** /* #########################  Startup and Lowlevel Init  ######################## */
 121:Drivers/CMSIS/Include/cmsis_gcc.h **** 
 122:Drivers/CMSIS/Include/cmsis_gcc.h **** #ifndef __PROGRAM_START
 123:Drivers/CMSIS/Include/cmsis_gcc.h **** 
 124:Drivers/CMSIS/Include/cmsis_gcc.h **** /**
 125:Drivers/CMSIS/Include/cmsis_gcc.h ****   \brief   Initializes data and bss sections
 126:Drivers/CMSIS/Include/cmsis_gcc.h ****   \details This default implementations initialized all data and additional bss
 127:Drivers/CMSIS/Include/cmsis_gcc.h ****            sections relying on .copy.table and .zero.table specified properly
 128:Drivers/CMSIS/Include/cmsis_gcc.h ****            in the used linker script.
 129:Drivers/CMSIS/Include/cmsis_gcc.h ****   
 130:Drivers/CMSIS/Include/cmsis_gcc.h ****  */
 131:Drivers/CMSIS/Include/cmsis_gcc.h **** __STATIC_FORCEINLINE __NO_RETURN void __cmsis_start(void)
 132:Drivers/CMSIS/Include/cmsis_gcc.h **** {
 133:Drivers/CMSIS/Include/cmsis_gcc.h ****   extern void _start(void) __NO_RETURN;
 134:Drivers/CMSIS/Include/cmsis_gcc.h ****   
 135:Drivers/CMSIS/Include/cmsis_gcc.h ****   typedef struct {
 136:Drivers/CMSIS/Include/cmsis_gcc.h ****     uint32_t const* src;
 137:Drivers/CMSIS/Include/cmsis_gcc.h ****     uint32_t* dest;
 138:Drivers/CMSIS/Include/cmsis_gcc.h ****     uint32_t  wlen;
 139:Drivers/CMSIS/Include/cmsis_gcc.h ****   } __copy_table_t;
 140:Drivers/CMSIS/Include/cmsis_gcc.h ****   
 141:Drivers/CMSIS/Include/cmsis_gcc.h ****   typedef struct {
 142:Drivers/CMSIS/Include/cmsis_gcc.h ****     uint32_t* dest;
 143:Drivers/CMSIS/Include/cmsis_gcc.h ****     uint32_t  wlen;
 144:Drivers/CMSIS/Include/cmsis_gcc.h ****   } __zero_table_t;
 145:Drivers/CMSIS/Include/cmsis_gcc.h ****   
 146:Drivers/CMSIS/Include/cmsis_gcc.h ****   extern const __copy_table_t __copy_table_start__;
 147:Drivers/CMSIS/Include/cmsis_gcc.h ****   extern const __copy_table_t __copy_table_end__;
 148:Drivers/CMSIS/Include/cmsis_gcc.h ****   extern const __zero_table_t __zero_table_start__;
 149:Drivers/CMSIS/Include/cmsis_gcc.h ****   extern const __zero_table_t __zero_table_end__;
 150:Drivers/CMSIS/Include/cmsis_gcc.h **** 
 151:Drivers/CMSIS/Include/cmsis_gcc.h ****   for (__copy_table_t const* pTable = &__copy_table_start__; pTable < &__copy_table_end__; ++pTable
 152:Drivers/CMSIS/Include/cmsis_gcc.h ****     for(uint32_t i=0u; i<pTable->wlen; ++i) {
 153:Drivers/CMSIS/Include/cmsis_gcc.h ****       pTable->dest[i] = pTable->src[i];
 154:Drivers/CMSIS/Include/cmsis_gcc.h ****     }
 155:Drivers/CMSIS/Include/cmsis_gcc.h ****   }
 156:Drivers/CMSIS/Include/cmsis_gcc.h ****  
 157:Drivers/CMSIS/Include/cmsis_gcc.h ****   for (__zero_table_t const* pTable = &__zero_table_start__; pTable < &__zero_table_end__; ++pTable
 158:Drivers/CMSIS/Include/cmsis_gcc.h ****     for(uint32_t i=0u; i<pTable->wlen; ++i) {
 159:Drivers/CMSIS/Include/cmsis_gcc.h ****       pTable->dest[i] = 0u;
 160:Drivers/CMSIS/Include/cmsis_gcc.h ****     }
 161:Drivers/CMSIS/Include/cmsis_gcc.h ****   }
 162:Drivers/CMSIS/Include/cmsis_gcc.h ****  
 163:Drivers/CMSIS/Include/cmsis_gcc.h ****   _start();
 164:Drivers/CMSIS/Include/cmsis_gcc.h **** }
 165:Drivers/CMSIS/Include/cmsis_gcc.h ****   
 166:Drivers/CMSIS/Include/cmsis_gcc.h **** #define __PROGRAM_START           __cmsis_start
 167:Drivers/CMSIS/Include/cmsis_gcc.h **** #endif
 168:Drivers/CMSIS/Include/cmsis_gcc.h **** 
 169:Drivers/CMSIS/Include/cmsis_gcc.h **** #ifndef __INITIAL_SP
 170:Drivers/CMSIS/Include/cmsis_gcc.h **** #define __INITIAL_SP              __StackTop
 171:Drivers/CMSIS/Include/cmsis_gcc.h **** #endif
 172:Drivers/CMSIS/Include/cmsis_gcc.h **** 
 173:Drivers/CMSIS/Include/cmsis_gcc.h **** #ifndef __STACK_LIMIT
ARM GAS  /tmp/ccUhsGpb.s 			page 8


 174:Drivers/CMSIS/Include/cmsis_gcc.h **** #define __STACK_LIMIT             __StackLimit
 175:Drivers/CMSIS/Include/cmsis_gcc.h **** #endif
 176:Drivers/CMSIS/Include/cmsis_gcc.h **** 
 177:Drivers/CMSIS/Include/cmsis_gcc.h **** #ifndef __VECTOR_TABLE
 178:Drivers/CMSIS/Include/cmsis_gcc.h **** #define __VECTOR_TABLE            __Vectors
 179:Drivers/CMSIS/Include/cmsis_gcc.h **** #endif
 180:Drivers/CMSIS/Include/cmsis_gcc.h **** 
 181:Drivers/CMSIS/Include/cmsis_gcc.h **** #ifndef __VECTOR_TABLE_ATTRIBUTE
 182:Drivers/CMSIS/Include/cmsis_gcc.h **** #define __VECTOR_TABLE_ATTRIBUTE  __attribute((used, section(".vectors")))
 183:Drivers/CMSIS/Include/cmsis_gcc.h **** #endif
 184:Drivers/CMSIS/Include/cmsis_gcc.h **** 
 185:Drivers/CMSIS/Include/cmsis_gcc.h **** /* ###########################  Core Function Access  ########################### */
 186:Drivers/CMSIS/Include/cmsis_gcc.h **** /** \ingroup  CMSIS_Core_FunctionInterface
 187:Drivers/CMSIS/Include/cmsis_gcc.h ****     \defgroup CMSIS_Core_RegAccFunctions CMSIS Core Register Access Functions
 188:Drivers/CMSIS/Include/cmsis_gcc.h ****   @{
 189:Drivers/CMSIS/Include/cmsis_gcc.h ****  */
 190:Drivers/CMSIS/Include/cmsis_gcc.h **** 
 191:Drivers/CMSIS/Include/cmsis_gcc.h **** /**
 192:Drivers/CMSIS/Include/cmsis_gcc.h ****   \brief   Enable IRQ Interrupts
 193:Drivers/CMSIS/Include/cmsis_gcc.h ****   \details Enables IRQ interrupts by clearing the I-bit in the CPSR.
 194:Drivers/CMSIS/Include/cmsis_gcc.h ****            Can only be executed in Privileged modes.
 195:Drivers/CMSIS/Include/cmsis_gcc.h ****  */
 196:Drivers/CMSIS/Include/cmsis_gcc.h **** __STATIC_FORCEINLINE void __enable_irq(void)
 197:Drivers/CMSIS/Include/cmsis_gcc.h **** {
 198:Drivers/CMSIS/Include/cmsis_gcc.h ****   __ASM volatile ("cpsie i" : : : "memory");
 199:Drivers/CMSIS/Include/cmsis_gcc.h **** }
 200:Drivers/CMSIS/Include/cmsis_gcc.h **** 
 201:Drivers/CMSIS/Include/cmsis_gcc.h **** 
 202:Drivers/CMSIS/Include/cmsis_gcc.h **** /**
 203:Drivers/CMSIS/Include/cmsis_gcc.h ****   \brief   Disable IRQ Interrupts
 204:Drivers/CMSIS/Include/cmsis_gcc.h ****   \details Disables IRQ interrupts by setting the I-bit in the CPSR.
 205:Drivers/CMSIS/Include/cmsis_gcc.h ****            Can only be executed in Privileged modes.
 206:Drivers/CMSIS/Include/cmsis_gcc.h ****  */
 207:Drivers/CMSIS/Include/cmsis_gcc.h **** __STATIC_FORCEINLINE void __disable_irq(void)
  39              		.loc 2 207 27 view .LVU2
  40              	.LBB5:
 208:Drivers/CMSIS/Include/cmsis_gcc.h **** {
 209:Drivers/CMSIS/Include/cmsis_gcc.h ****   __ASM volatile ("cpsid i" : : : "memory");
  41              		.loc 2 209 3 view .LVU3
  42              		.syntax unified
  43              	@ 209 "Drivers/CMSIS/Include/cmsis_gcc.h" 1
  44 0000 72B6     		cpsid i
  45              	@ 0 "" 2
  46              		.thumb
  47              		.syntax unified
  48              	.L2:
  49              	.LBE5:
  50              	.LBE4:
 190:Core/Src/main.c ****   while (1)
  51              		.loc 1 190 3 discriminator 1 view .LVU4
 191:Core/Src/main.c ****   {
 192:Core/Src/main.c ****   }
  52              		.loc 1 192 3 discriminator 1 view .LVU5
 190:Core/Src/main.c ****   while (1)
  53              		.loc 1 190 9 discriminator 1 view .LVU6
  54 0002 FEE7     		b	.L2
  55              		.cfi_endproc
ARM GAS  /tmp/ccUhsGpb.s 			page 9


  56              	.LFE334:
  58              		.section	.text.SystemClock_Config,"ax",%progbits
  59              		.align	1
  60              		.global	SystemClock_Config
  61              		.syntax unified
  62              		.thumb
  63              		.thumb_func
  65              	SystemClock_Config:
  66              	.LFB333:
 136:Core/Src/main.c ****   RCC_OscInitTypeDef RCC_OscInitStruct = {0};
  67              		.loc 1 136 1 view -0
  68              		.cfi_startproc
  69              		@ args = 0, pretend = 0, frame = 80
  70              		@ frame_needed = 0, uses_anonymous_args = 0
  71 0000 00B5     		push	{lr}
  72              		.cfi_def_cfa_offset 4
  73              		.cfi_offset 14, -4
  74 0002 95B0     		sub	sp, sp, #84
  75              		.cfi_def_cfa_offset 88
 137:Core/Src/main.c ****   RCC_ClkInitTypeDef RCC_ClkInitStruct = {0};
  76              		.loc 1 137 3 view .LVU8
 137:Core/Src/main.c ****   RCC_ClkInitTypeDef RCC_ClkInitStruct = {0};
  77              		.loc 1 137 22 is_stmt 0 view .LVU9
  78 0004 3822     		movs	r2, #56
  79 0006 0021     		movs	r1, #0
  80 0008 06A8     		add	r0, sp, #24
  81 000a FFF7FEFF 		bl	memset
  82              	.LVL0:
 138:Core/Src/main.c **** 
  83              		.loc 1 138 3 is_stmt 1 view .LVU10
 138:Core/Src/main.c **** 
  84              		.loc 1 138 22 is_stmt 0 view .LVU11
  85 000e 0020     		movs	r0, #0
  86 0010 0190     		str	r0, [sp, #4]
  87 0012 0290     		str	r0, [sp, #8]
  88 0014 0390     		str	r0, [sp, #12]
  89 0016 0490     		str	r0, [sp, #16]
  90 0018 0590     		str	r0, [sp, #20]
 142:Core/Src/main.c **** 
  91              		.loc 1 142 3 is_stmt 1 view .LVU12
  92 001a FFF7FEFF 		bl	HAL_PWREx_ControlVoltageScaling
  93              	.LVL1:
 147:Core/Src/main.c ****   RCC_OscInitStruct.HSIState = RCC_HSI_ON;
  94              		.loc 1 147 3 view .LVU13
 147:Core/Src/main.c ****   RCC_OscInitStruct.HSIState = RCC_HSI_ON;
  95              		.loc 1 147 36 is_stmt 0 view .LVU14
  96 001e 0223     		movs	r3, #2
  97 0020 0693     		str	r3, [sp, #24]
 148:Core/Src/main.c ****   RCC_OscInitStruct.HSICalibrationValue = RCC_HSICALIBRATION_DEFAULT;
  98              		.loc 1 148 3 is_stmt 1 view .LVU15
 148:Core/Src/main.c ****   RCC_OscInitStruct.HSICalibrationValue = RCC_HSICALIBRATION_DEFAULT;
  99              		.loc 1 148 30 is_stmt 0 view .LVU16
 100 0022 4FF48072 		mov	r2, #256
 101 0026 0992     		str	r2, [sp, #36]
 149:Core/Src/main.c ****   RCC_OscInitStruct.PLL.PLLState = RCC_PLL_ON;
 102              		.loc 1 149 3 is_stmt 1 view .LVU17
 149:Core/Src/main.c ****   RCC_OscInitStruct.PLL.PLLState = RCC_PLL_ON;
ARM GAS  /tmp/ccUhsGpb.s 			page 10


 103              		.loc 1 149 41 is_stmt 0 view .LVU18
 104 0028 4022     		movs	r2, #64
 105 002a 0A92     		str	r2, [sp, #40]
 150:Core/Src/main.c ****   RCC_OscInitStruct.PLL.PLLSource = RCC_PLLSOURCE_HSI;
 106              		.loc 1 150 3 is_stmt 1 view .LVU19
 150:Core/Src/main.c ****   RCC_OscInitStruct.PLL.PLLSource = RCC_PLLSOURCE_HSI;
 107              		.loc 1 150 34 is_stmt 0 view .LVU20
 108 002c 0D93     		str	r3, [sp, #52]
 151:Core/Src/main.c ****   RCC_OscInitStruct.PLL.PLLM = RCC_PLLM_DIV4;
 109              		.loc 1 151 3 is_stmt 1 view .LVU21
 151:Core/Src/main.c ****   RCC_OscInitStruct.PLL.PLLM = RCC_PLLM_DIV4;
 110              		.loc 1 151 35 is_stmt 0 view .LVU22
 111 002e 0E93     		str	r3, [sp, #56]
 152:Core/Src/main.c ****   RCC_OscInitStruct.PLL.PLLN = 85;
 112              		.loc 1 152 3 is_stmt 1 view .LVU23
 152:Core/Src/main.c ****   RCC_OscInitStruct.PLL.PLLN = 85;
 113              		.loc 1 152 30 is_stmt 0 view .LVU24
 114 0030 0422     		movs	r2, #4
 115 0032 0F92     		str	r2, [sp, #60]
 153:Core/Src/main.c ****   RCC_OscInitStruct.PLL.PLLP = RCC_PLLP_DIV2;
 116              		.loc 1 153 3 is_stmt 1 view .LVU25
 153:Core/Src/main.c ****   RCC_OscInitStruct.PLL.PLLP = RCC_PLLP_DIV2;
 117              		.loc 1 153 30 is_stmt 0 view .LVU26
 118 0034 5522     		movs	r2, #85
 119 0036 1092     		str	r2, [sp, #64]
 154:Core/Src/main.c ****   RCC_OscInitStruct.PLL.PLLQ = RCC_PLLQ_DIV2;
 120              		.loc 1 154 3 is_stmt 1 view .LVU27
 154:Core/Src/main.c ****   RCC_OscInitStruct.PLL.PLLQ = RCC_PLLQ_DIV2;
 121              		.loc 1 154 30 is_stmt 0 view .LVU28
 122 0038 1193     		str	r3, [sp, #68]
 155:Core/Src/main.c ****   RCC_OscInitStruct.PLL.PLLR = RCC_PLLR_DIV2;
 123              		.loc 1 155 3 is_stmt 1 view .LVU29
 155:Core/Src/main.c ****   RCC_OscInitStruct.PLL.PLLR = RCC_PLLR_DIV2;
 124              		.loc 1 155 30 is_stmt 0 view .LVU30
 125 003a 1293     		str	r3, [sp, #72]
 156:Core/Src/main.c ****   if (HAL_RCC_OscConfig(&RCC_OscInitStruct) != HAL_OK)
 126              		.loc 1 156 3 is_stmt 1 view .LVU31
 156:Core/Src/main.c ****   if (HAL_RCC_OscConfig(&RCC_OscInitStruct) != HAL_OK)
 127              		.loc 1 156 30 is_stmt 0 view .LVU32
 128 003c 1393     		str	r3, [sp, #76]
 157:Core/Src/main.c ****   {
 129              		.loc 1 157 3 is_stmt 1 view .LVU33
 157:Core/Src/main.c ****   {
 130              		.loc 1 157 7 is_stmt 0 view .LVU34
 131 003e 06A8     		add	r0, sp, #24
 132 0040 FFF7FEFF 		bl	HAL_RCC_OscConfig
 133              	.LVL2:
 157:Core/Src/main.c ****   {
 134              		.loc 1 157 6 view .LVU35
 135 0044 80B9     		cbnz	r0, .L7
 164:Core/Src/main.c ****                               |RCC_CLOCKTYPE_PCLK1|RCC_CLOCKTYPE_PCLK2;
 136              		.loc 1 164 3 is_stmt 1 view .LVU36
 164:Core/Src/main.c ****                               |RCC_CLOCKTYPE_PCLK1|RCC_CLOCKTYPE_PCLK2;
 137              		.loc 1 164 31 is_stmt 0 view .LVU37
 138 0046 0F23     		movs	r3, #15
 139 0048 0193     		str	r3, [sp, #4]
 166:Core/Src/main.c ****   RCC_ClkInitStruct.AHBCLKDivider = RCC_SYSCLK_DIV1;
ARM GAS  /tmp/ccUhsGpb.s 			page 11


 140              		.loc 1 166 3 is_stmt 1 view .LVU38
 166:Core/Src/main.c ****   RCC_ClkInitStruct.AHBCLKDivider = RCC_SYSCLK_DIV1;
 141              		.loc 1 166 34 is_stmt 0 view .LVU39
 142 004a 0323     		movs	r3, #3
 143 004c 0293     		str	r3, [sp, #8]
 167:Core/Src/main.c ****   RCC_ClkInitStruct.APB1CLKDivider = RCC_HCLK_DIV1;
 144              		.loc 1 167 3 is_stmt 1 view .LVU40
 167:Core/Src/main.c ****   RCC_ClkInitStruct.APB1CLKDivider = RCC_HCLK_DIV1;
 145              		.loc 1 167 35 is_stmt 0 view .LVU41
 146 004e 0023     		movs	r3, #0
 147 0050 0393     		str	r3, [sp, #12]
 168:Core/Src/main.c ****   RCC_ClkInitStruct.APB2CLKDivider = RCC_HCLK_DIV1;
 148              		.loc 1 168 3 is_stmt 1 view .LVU42
 168:Core/Src/main.c ****   RCC_ClkInitStruct.APB2CLKDivider = RCC_HCLK_DIV1;
 149              		.loc 1 168 36 is_stmt 0 view .LVU43
 150 0052 0493     		str	r3, [sp, #16]
 169:Core/Src/main.c **** 
 151              		.loc 1 169 3 is_stmt 1 view .LVU44
 169:Core/Src/main.c **** 
 152              		.loc 1 169 36 is_stmt 0 view .LVU45
 153 0054 0593     		str	r3, [sp, #20]
 171:Core/Src/main.c ****   {
 154              		.loc 1 171 3 is_stmt 1 view .LVU46
 171:Core/Src/main.c ****   {
 155              		.loc 1 171 7 is_stmt 0 view .LVU47
 156 0056 0421     		movs	r1, #4
 157 0058 0DEB0100 		add	r0, sp, r1
 158 005c FFF7FEFF 		bl	HAL_RCC_ClockConfig
 159              	.LVL3:
 171:Core/Src/main.c ****   {
 160              		.loc 1 171 6 view .LVU48
 161 0060 20B9     		cbnz	r0, .L8
 175:Core/Src/main.c **** 
 162              		.loc 1 175 1 view .LVU49
 163 0062 15B0     		add	sp, sp, #84
 164              		.cfi_remember_state
 165              		.cfi_def_cfa_offset 4
 166              		@ sp needed
 167 0064 5DF804FB 		ldr	pc, [sp], #4
 168              	.L7:
 169              		.cfi_restore_state
 159:Core/Src/main.c ****   }
 170              		.loc 1 159 5 is_stmt 1 view .LVU50
 171 0068 FFF7FEFF 		bl	Error_Handler
 172              	.LVL4:
 173              	.L8:
 173:Core/Src/main.c ****   }
 174              		.loc 1 173 5 view .LVU51
 175 006c FFF7FEFF 		bl	Error_Handler
 176              	.LVL5:
 177              		.cfi_endproc
 178              	.LFE333:
 180              		.section	.rodata.main.str1.4,"aMS",%progbits,1
 181              		.align	2
 182              	.LC0:
 183 0000 76616C75 		.ascii	"value: %lu\012\000"
 183      653A2025 
ARM GAS  /tmp/ccUhsGpb.s 			page 12


 183      6C750A00 
 184              		.section	.text.main,"ax",%progbits
 185              		.align	1
 186              		.global	main
 187              		.syntax unified
 188              		.thumb
 189              		.thumb_func
 191              	main:
 192              	.LFB332:
  70:Core/Src/main.c **** 
 193              		.loc 1 70 1 view -0
 194              		.cfi_startproc
 195              		@ args = 0, pretend = 0, frame = 64
 196              		@ frame_needed = 0, uses_anonymous_args = 0
 197 0000 30B5     		push	{r4, r5, lr}
 198              		.cfi_def_cfa_offset 12
 199              		.cfi_offset 4, -12
 200              		.cfi_offset 5, -8
 201              		.cfi_offset 14, -4
 202 0002 91B0     		sub	sp, sp, #68
 203              		.cfi_def_cfa_offset 80
  79:Core/Src/main.c **** 
 204              		.loc 1 79 3 view .LVU53
 205 0004 FFF7FEFF 		bl	HAL_Init
 206              	.LVL6:
  86:Core/Src/main.c **** 
 207              		.loc 1 86 3 view .LVU54
 208 0008 FFF7FEFF 		bl	SystemClock_Config
 209              	.LVL7:
  93:Core/Src/main.c ****   MX_LPUART1_UART_Init();
 210              		.loc 1 93 3 view .LVU55
 211 000c FFF7FEFF 		bl	MX_GPIO_Init
 212              	.LVL8:
  94:Core/Src/main.c ****   MX_ADC1_Init();
 213              		.loc 1 94 3 view .LVU56
 214 0010 FFF7FEFF 		bl	MX_LPUART1_UART_Init
 215              	.LVL9:
  95:Core/Src/main.c ****   /* USER CODE BEGIN 2 */
 216              		.loc 1 95 3 view .LVU57
 217 0014 FFF7FEFF 		bl	MX_ADC1_Init
 218              	.LVL10:
  99:Core/Src/main.c ****     HAL_ADC_PollForConversion(&hadc1, 100);
 219              		.loc 1 99 5 view .LVU58
 220 0018 0F4D     		ldr	r5, .L13
 221 001a 2846     		mov	r0, r5
 222 001c FFF7FEFF 		bl	HAL_ADC_Start
 223              	.LVL11:
 100:Core/Src/main.c ****     uint32_t v = HAL_ADC_GetValue(&hadc1);
 224              		.loc 1 100 5 view .LVU59
 225 0020 6421     		movs	r1, #100
 226 0022 2846     		mov	r0, r5
 227 0024 FFF7FEFF 		bl	HAL_ADC_PollForConversion
 228              	.LVL12:
 101:Core/Src/main.c ****     HAL_ADC_Stop(&hadc1);
 229              		.loc 1 101 5 view .LVU60
 101:Core/Src/main.c ****     HAL_ADC_Stop(&hadc1);
 230              		.loc 1 101 18 is_stmt 0 view .LVU61
ARM GAS  /tmp/ccUhsGpb.s 			page 13


 231 0028 2846     		mov	r0, r5
 232 002a FFF7FEFF 		bl	HAL_ADC_GetValue
 233              	.LVL13:
 234 002e 0446     		mov	r4, r0
 235              	.LVL14:
 102:Core/Src/main.c **** #elif INTERRUPT_MODE
 236              		.loc 1 102 5 is_stmt 1 view .LVU62
 237 0030 2846     		mov	r0, r5
 238              	.LVL15:
 102:Core/Src/main.c **** #elif INTERRUPT_MODE
 239              		.loc 1 102 5 is_stmt 0 view .LVU63
 240 0032 FFF7FEFF 		bl	HAL_ADC_Stop
 241              	.LVL16:
 111:Core/Src/main.c ****     sprintf(buffer, "value: %lu\n", v);
 242              		.loc 1 111 5 is_stmt 1 view .LVU64
 112:Core/Src/main.c **** 
 243              		.loc 1 112 5 view .LVU65
 244 0036 2246     		mov	r2, r4
 245 0038 0849     		ldr	r1, .L13+4
 246 003a 6846     		mov	r0, sp
 247 003c FFF7FEFF 		bl	sprintf
 248              	.LVL17:
 114:Core/Src/main.c ****     {
 249              		.loc 1 114 5 view .LVU66
 114:Core/Src/main.c ****     {
 250              		.loc 1 114 8 is_stmt 0 view .LVU67
 251 0040 04B9     		cbnz	r4, .L12
 252              	.L10:
 122:Core/Src/main.c ****   {
 253              		.loc 1 122 3 is_stmt 1 discriminator 1 view .LVU68
 127:Core/Src/main.c ****   /* USER CODE END 3 */
 254              		.loc 1 127 3 discriminator 1 view .LVU69
 122:Core/Src/main.c ****   {
 255              		.loc 1 122 9 discriminator 1 view .LVU70
 256 0042 FEE7     		b	.L10
 257              	.L12:
 116:Core/Src/main.c ****     }
 258              		.loc 1 116 9 view .LVU71
 116:Core/Src/main.c ****     }
 259              		.loc 1 116 56 is_stmt 0 view .LVU72
 260 0044 6846     		mov	r0, sp
 261 0046 FFF7FEFF 		bl	strlen
 262              	.LVL18:
 116:Core/Src/main.c ****     }
 263              		.loc 1 116 9 view .LVU73
 264 004a 6423     		movs	r3, #100
 265 004c 82B2     		uxth	r2, r0
 266 004e 6946     		mov	r1, sp
 267 0050 0348     		ldr	r0, .L13+8
 268 0052 FFF7FEFF 		bl	HAL_UART_Transmit
 269              	.LVL19:
 270 0056 F4E7     		b	.L10
 271              	.L14:
 272              		.align	2
 273              	.L13:
 274 0058 00000000 		.word	hadc1
 275 005c 00000000 		.word	.LC0
ARM GAS  /tmp/ccUhsGpb.s 			page 14


 276 0060 00000000 		.word	hlpuart1
 277              		.cfi_endproc
 278              	.LFE332:
 280              		.text
 281              	.Letext0:
 282              		.file 3 "/home/kalsifer/.config/Code/User/globalStorage/bmd.stm32-for-vscode/@xpack-dev-tools/arm-
 283              		.file 4 "/home/kalsifer/.config/Code/User/globalStorage/bmd.stm32-for-vscode/@xpack-dev-tools/arm-
 284              		.file 5 "Drivers/CMSIS/Device/ST/STM32G4xx/Include/stm32g474xx.h"
 285              		.file 6 "Drivers/CMSIS/Device/ST/STM32G4xx/Include/stm32g4xx.h"
 286              		.file 7 "/home/kalsifer/.config/Code/User/globalStorage/bmd.stm32-for-vscode/@xpack-dev-tools/arm-
 287              		.file 8 "Drivers/STM32G4xx_HAL_Driver/Inc/stm32g4xx_hal_def.h"
 288              		.file 9 "Drivers/STM32G4xx_HAL_Driver/Inc/stm32g4xx_hal_rcc.h"
 289              		.file 10 "Drivers/STM32G4xx_HAL_Driver/Inc/stm32g4xx_hal_dma.h"
 290              		.file 11 "Drivers/STM32G4xx_HAL_Driver/Inc/stm32g4xx_hal_adc.h"
 291              		.file 12 "Drivers/STM32G4xx_HAL_Driver/Inc/stm32g4xx_hal_uart.h"
 292              		.file 13 "Core/Inc/adc.h"
 293              		.file 14 "Core/Inc/usart.h"
 294              		.file 15 "Drivers/STM32G4xx_HAL_Driver/Inc/stm32g4xx_hal_pwr_ex.h"
 295              		.file 16 "/home/kalsifer/.config/Code/User/globalStorage/bmd.stm32-for-vscode/@xpack-dev-tools/arm
 296              		.file 17 "/home/kalsifer/.config/Code/User/globalStorage/bmd.stm32-for-vscode/@xpack-dev-tools/arm
 297              		.file 18 "Core/Inc/gpio.h"
 298              		.file 19 "Drivers/STM32G4xx_HAL_Driver/Inc/stm32g4xx_hal.h"
 299              		.file 20 "<built-in>"
ARM GAS  /tmp/ccUhsGpb.s 			page 15


DEFINED SYMBOLS
                            *ABS*:00000000 main.c
     /tmp/ccUhsGpb.s:21     .text.Error_Handler:00000000 $t
     /tmp/ccUhsGpb.s:27     .text.Error_Handler:00000000 Error_Handler
     /tmp/ccUhsGpb.s:59     .text.SystemClock_Config:00000000 $t
     /tmp/ccUhsGpb.s:65     .text.SystemClock_Config:00000000 SystemClock_Config
     /tmp/ccUhsGpb.s:181    .rodata.main.str1.4:00000000 $d
     /tmp/ccUhsGpb.s:185    .text.main:00000000 $t
     /tmp/ccUhsGpb.s:191    .text.main:00000000 main
     /tmp/ccUhsGpb.s:274    .text.main:00000058 $d

UNDEFINED SYMBOLS
memset
HAL_PWREx_ControlVoltageScaling
HAL_RCC_OscConfig
HAL_RCC_ClockConfig
HAL_Init
MX_GPIO_Init
MX_LPUART1_UART_Init
MX_ADC1_Init
HAL_ADC_Start
HAL_ADC_PollForConversion
HAL_ADC_GetValue
HAL_ADC_Stop
sprintf
strlen
HAL_UART_Transmit
hadc1
hlpuart1
